0 info it worked if it ends with ok
1 verbose cli [ '/Users/bvodola/.meteor/packages/meteor-tool/.1.4.1_1.1h2iqk1++os.osx.x86_64+web.browser+web.cordova/mt-os.osx.x86_64/dev_bundle/bin/node',
1 verbose cli   '/Users/bvodola/.meteor/packages/meteor-tool/1.4.1_1/mt-os.osx.x86_64/dev_bundle/bin/npm',
1 verbose cli   'install',
1 verbose cli   '--save',
1 verbose cli   'bcrypt' ]
2 info using npm@3.10.6
3 info using node@v4.5.0
4 silly loadCurrentTree Starting
5 silly install loadCurrentTree
6 silly install readLocalPackageData
7 silly fetchPackageMetaData bcrypt
8 silly fetchNamedPackageData bcrypt
9 silly mapToRegistry name bcrypt
10 silly mapToRegistry using default registry
11 silly mapToRegistry registry https://registry.npmjs.org/
12 silly mapToRegistry data Result {
12 silly mapToRegistry   raw: 'bcrypt',
12 silly mapToRegistry   scope: null,
12 silly mapToRegistry   escapedName: 'bcrypt',
12 silly mapToRegistry   name: 'bcrypt',
12 silly mapToRegistry   rawSpec: '',
12 silly mapToRegistry   spec: 'latest',
12 silly mapToRegistry   type: 'tag' }
13 silly mapToRegistry uri https://registry.npmjs.org/bcrypt
14 verbose request uri https://registry.npmjs.org/bcrypt
15 verbose request no auth needed
16 info attempt registry request try #1 at 02:25:20
17 verbose request id f3c6fd420ccd641c
18 http request GET https://registry.npmjs.org/bcrypt
19 http 200 https://registry.npmjs.org/bcrypt
20 verbose headers { server: 'CouchDB/1.5.0 (Erlang OTP/R16B03)',
20 verbose headers   etag: '"2W7CTWO1ETKY4R5XARYMM9SFN"',
20 verbose headers   'content-type': 'application/json',
20 verbose headers   'content-encoding': 'gzip',
20 verbose headers   'cache-control': 'max-age=300',
20 verbose headers   'content-length': '11903',
20 verbose headers   'accept-ranges': 'bytes',
20 verbose headers   date: 'Fri, 30 Sep 2016 05:25:20 GMT',
20 verbose headers   via: '1.1 varnish',
20 verbose headers   age: '66',
20 verbose headers   connection: 'keep-alive',
20 verbose headers   'x-served-by': 'cache-iad2129-IAD',
20 verbose headers   'x-cache': 'HIT',
20 verbose headers   'x-cache-hits': '1',
20 verbose headers   'x-timer': 'S1475213120.848700,VS0,VE0',
20 verbose headers   vary: 'Accept-Encoding' }
21 silly get cb [ 200,
21 silly get   { server: 'CouchDB/1.5.0 (Erlang OTP/R16B03)',
21 silly get     etag: '"2W7CTWO1ETKY4R5XARYMM9SFN"',
21 silly get     'content-type': 'application/json',
21 silly get     'content-encoding': 'gzip',
21 silly get     'cache-control': 'max-age=300',
21 silly get     'content-length': '11903',
21 silly get     'accept-ranges': 'bytes',
21 silly get     date: 'Fri, 30 Sep 2016 05:25:20 GMT',
21 silly get     via: '1.1 varnish',
21 silly get     age: '66',
21 silly get     connection: 'keep-alive',
21 silly get     'x-served-by': 'cache-iad2129-IAD',
21 silly get     'x-cache': 'HIT',
21 silly get     'x-cache-hits': '1',
21 silly get     'x-timer': 'S1475213120.848700,VS0,VE0',
21 silly get     vary: 'Accept-Encoding' } ]
22 verbose get saving bcrypt to /Users/bvodola/.npm/registry.npmjs.org/bcrypt/.cache.json
23 verbose correctMkdir /Users/bvodola/.npm correctMkdir not in flight; initializing
24 silly install normalizeTree
25 silly loadCurrentTree Finishing
26 silly loadIdealTree Starting
27 silly install loadIdealTree
28 silly cloneCurrentTree Starting
29 silly install cloneCurrentTreeToIdealTree
30 silly cloneCurrentTree Finishing
31 silly loadShrinkwrap Starting
32 silly install loadShrinkwrap
33 silly loadShrinkwrap Finishing
34 silly loadAllDepsIntoIdealTree Starting
35 silly install loadAllDepsIntoIdealTree
36 silly resolveWithNewModule bcrypt@0.8.7 checking installable status
37 silly cache add args [ 'bcrypt', null ]
38 verbose cache add spec bcrypt
39 silly cache add parsed spec Result {
39 silly cache add   raw: 'bcrypt',
39 silly cache add   scope: null,
39 silly cache add   escapedName: 'bcrypt',
39 silly cache add   name: 'bcrypt',
39 silly cache add   rawSpec: '',
39 silly cache add   spec: 'latest',
39 silly cache add   type: 'tag' }
40 silly addNamed bcrypt@latest
41 verbose addNamed "latest" is being treated as a dist-tag for bcrypt
42 info addNameTag [ 'bcrypt', 'latest' ]
43 silly mapToRegistry name bcrypt
44 silly mapToRegistry using default registry
45 silly mapToRegistry registry https://registry.npmjs.org/
46 silly mapToRegistry data Result {
46 silly mapToRegistry   raw: 'bcrypt',
46 silly mapToRegistry   scope: null,
46 silly mapToRegistry   escapedName: 'bcrypt',
46 silly mapToRegistry   name: 'bcrypt',
46 silly mapToRegistry   rawSpec: '',
46 silly mapToRegistry   spec: 'latest',
46 silly mapToRegistry   type: 'tag' }
47 silly mapToRegistry uri https://registry.npmjs.org/bcrypt
48 verbose addNameTag registry:https://registry.npmjs.org/bcrypt not in flight; fetching
49 verbose get https://registry.npmjs.org/bcrypt not expired, no request
50 silly addNameTag next cb for bcrypt with tag latest
51 silly addNamed bcrypt@0.8.7
52 verbose addNamed "0.8.7" is a plain semver version for bcrypt
53 silly mapToRegistry name bcrypt
54 silly mapToRegistry using default registry
55 silly mapToRegistry registry https://registry.npmjs.org/
56 silly mapToRegistry data Result {
56 silly mapToRegistry   raw: 'bcrypt',
56 silly mapToRegistry   scope: null,
56 silly mapToRegistry   escapedName: 'bcrypt',
56 silly mapToRegistry   name: 'bcrypt',
56 silly mapToRegistry   rawSpec: '',
56 silly mapToRegistry   spec: 'latest',
56 silly mapToRegistry   type: 'tag' }
57 silly mapToRegistry uri https://registry.npmjs.org/bcrypt
58 verbose addRemoteTarball https://registry.npmjs.org/bcrypt/-/bcrypt-0.8.7.tgz not in flight; adding
59 verbose addRemoteTarball [ 'https://registry.npmjs.org/bcrypt/-/bcrypt-0.8.7.tgz',
59 verbose addRemoteTarball   'bc3875a9afd0a7b2cd231a6a7f218a5ce156b093' ]
60 info retry fetch attempt 1 at 02:25:21
61 info attempt registry request try #1 at 02:25:21
62 http fetch GET https://registry.npmjs.org/bcrypt/-/bcrypt-0.8.7.tgz
63 http fetch 200 https://registry.npmjs.org/bcrypt/-/bcrypt-0.8.7.tgz
64 silly fetchAndShaCheck shasum bc3875a9afd0a7b2cd231a6a7f218a5ce156b093
65 verbose addTmpTarball /var/folders/2v/nhskrmk94vl_s7nb3k8f5pqm0000gn/T/npm-53331-4147a0e0/registry.npmjs.org/bcrypt/-/bcrypt-0.8.7.tgz not in flight; adding
66 verbose addTmpTarball already have metadata; skipping unpack for bcrypt@0.8.7
67 verbose correctMkdir /Users/bvodola/.npm correctMkdir not in flight; initializing
68 silly cache afterAdd bcrypt@0.8.7
69 verbose afterAdd /Users/bvodola/.npm/bcrypt/0.8.7/package/package.json not in flight; writing
70 verbose correctMkdir /Users/bvodola/.npm correctMkdir not in flight; initializing
71 verbose afterAdd /Users/bvodola/.npm/bcrypt/0.8.7/package/package.json written
72 silly fetchNamedPackageData bindings
73 silly mapToRegistry name bindings
74 silly mapToRegistry using default registry
75 silly mapToRegistry registry https://registry.npmjs.org/
76 silly mapToRegistry data Result {
76 silly mapToRegistry   raw: 'bindings',
76 silly mapToRegistry   scope: null,
76 silly mapToRegistry   escapedName: 'bindings',
76 silly mapToRegistry   name: 'bindings',
76 silly mapToRegistry   rawSpec: '',
76 silly mapToRegistry   spec: 'latest',
76 silly mapToRegistry   type: 'tag' }
77 silly mapToRegistry uri https://registry.npmjs.org/bindings
78 silly fetchNamedPackageData nan
79 silly mapToRegistry name nan
80 silly mapToRegistry using default registry
81 silly mapToRegistry registry https://registry.npmjs.org/
82 silly mapToRegistry data Result {
82 silly mapToRegistry   raw: 'nan',
82 silly mapToRegistry   scope: null,
82 silly mapToRegistry   escapedName: 'nan',
82 silly mapToRegistry   name: 'nan',
82 silly mapToRegistry   rawSpec: '',
82 silly mapToRegistry   spec: 'latest',
82 silly mapToRegistry   type: 'tag' }
83 silly mapToRegistry uri https://registry.npmjs.org/nan
84 verbose request uri https://registry.npmjs.org/bindings
85 verbose request no auth needed
86 info attempt registry request try #1 at 02:25:22
87 verbose etag "C1AW6UVQGY4VZQGFC1WTIGMDV"
88 http request GET https://registry.npmjs.org/bindings
89 verbose request uri https://registry.npmjs.org/nan
90 verbose request no auth needed
91 info attempt registry request try #1 at 02:25:22
92 verbose etag "1YJEPM5V4XH0MZT0HV3B8R9BB"
93 http request GET https://registry.npmjs.org/nan
94 http 304 https://registry.npmjs.org/bindings
95 verbose headers { date: 'Fri, 30 Sep 2016 05:25:21 GMT',
95 verbose headers   via: '1.1 varnish',
95 verbose headers   'cache-control': 'max-age=300',
95 verbose headers   etag: '"C1AW6UVQGY4VZQGFC1WTIGMDV"',
95 verbose headers   age: '246',
95 verbose headers   connection: 'keep-alive',
95 verbose headers   'x-served-by': 'cache-iad2129-IAD',
95 verbose headers   'x-cache': 'HIT',
95 verbose headers   'x-cache-hits': '1',
95 verbose headers   'x-timer': 'S1475213121.749022,VS0,VE0',
95 verbose headers   vary: 'Accept-Encoding' }
96 silly get cb [ 304,
96 silly get   { date: 'Fri, 30 Sep 2016 05:25:21 GMT',
96 silly get     via: '1.1 varnish',
96 silly get     'cache-control': 'max-age=300',
96 silly get     etag: '"C1AW6UVQGY4VZQGFC1WTIGMDV"',
96 silly get     age: '246',
96 silly get     connection: 'keep-alive',
96 silly get     'x-served-by': 'cache-iad2129-IAD',
96 silly get     'x-cache': 'HIT',
96 silly get     'x-cache-hits': '1',
96 silly get     'x-timer': 'S1475213121.749022,VS0,VE0',
96 silly get     vary: 'Accept-Encoding' } ]
97 verbose etag https://registry.npmjs.org/bindings from cache
98 verbose get saving bindings to /Users/bvodola/.npm/registry.npmjs.org/bindings/.cache.json
99 verbose correctMkdir /Users/bvodola/.npm correctMkdir not in flight; initializing
100 silly resolveWithNewModule bindings@1.2.1 checking installable status
101 silly cache add args [ 'bindings@1.2.1', null ]
102 verbose cache add spec bindings@1.2.1
103 silly cache add parsed spec Result {
103 silly cache add   raw: 'bindings@1.2.1',
103 silly cache add   scope: null,
103 silly cache add   escapedName: 'bindings',
103 silly cache add   name: 'bindings',
103 silly cache add   rawSpec: '1.2.1',
103 silly cache add   spec: '1.2.1',
103 silly cache add   type: 'version' }
104 silly addNamed bindings@1.2.1
105 verbose addNamed "1.2.1" is a plain semver version for bindings
106 silly mapToRegistry name bindings
107 silly mapToRegistry using default registry
108 silly mapToRegistry registry https://registry.npmjs.org/
109 silly mapToRegistry data Result {
109 silly mapToRegistry   raw: 'bindings',
109 silly mapToRegistry   scope: null,
109 silly mapToRegistry   escapedName: 'bindings',
109 silly mapToRegistry   name: 'bindings',
109 silly mapToRegistry   rawSpec: '',
109 silly mapToRegistry   spec: 'latest',
109 silly mapToRegistry   type: 'tag' }
110 silly mapToRegistry uri https://registry.npmjs.org/bindings
111 verbose addNameVersion registry:https://registry.npmjs.org/bindings not in flight; fetching
112 verbose get https://registry.npmjs.org/bindings not expired, no request
113 silly cache afterAdd bindings@1.2.1
114 verbose afterAdd /Users/bvodola/.npm/bindings/1.2.1/package/package.json not in flight; writing
115 verbose correctMkdir /Users/bvodola/.npm correctMkdir not in flight; initializing
116 verbose afterAdd /Users/bvodola/.npm/bindings/1.2.1/package/package.json written
117 http 304 https://registry.npmjs.org/nan
118 verbose headers { date: 'Fri, 30 Sep 2016 05:25:22 GMT',
118 verbose headers   via: '1.1 varnish',
118 verbose headers   'cache-control': 'max-age=300',
118 verbose headers   etag: '"1YJEPM5V4XH0MZT0HV3B8R9BB"',
118 verbose headers   age: '161',
118 verbose headers   connection: 'keep-alive',
118 verbose headers   'x-served-by': 'cache-iad2137-IAD',
118 verbose headers   'x-cache': 'HIT',
118 verbose headers   'x-cache-hits': '2',
118 verbose headers   'x-timer': 'S1475213122.038056,VS0,VE0',
118 verbose headers   vary: 'Accept-Encoding' }
119 silly get cb [ 304,
119 silly get   { date: 'Fri, 30 Sep 2016 05:25:22 GMT',
119 silly get     via: '1.1 varnish',
119 silly get     'cache-control': 'max-age=300',
119 silly get     etag: '"1YJEPM5V4XH0MZT0HV3B8R9BB"',
119 silly get     age: '161',
119 silly get     connection: 'keep-alive',
119 silly get     'x-served-by': 'cache-iad2137-IAD',
119 silly get     'x-cache': 'HIT',
119 silly get     'x-cache-hits': '2',
119 silly get     'x-timer': 'S1475213122.038056,VS0,VE0',
119 silly get     vary: 'Accept-Encoding' } ]
120 verbose etag https://registry.npmjs.org/nan from cache
121 verbose get saving nan to /Users/bvodola/.npm/registry.npmjs.org/nan/.cache.json
122 verbose correctMkdir /Users/bvodola/.npm correctMkdir not in flight; initializing
123 silly resolveWithNewModule nan@2.3.5 checking installable status
124 silly cache add args [ 'nan@2.3.5', null ]
125 verbose cache add spec nan@2.3.5
126 silly cache add parsed spec Result {
126 silly cache add   raw: 'nan@2.3.5',
126 silly cache add   scope: null,
126 silly cache add   escapedName: 'nan',
126 silly cache add   name: 'nan',
126 silly cache add   rawSpec: '2.3.5',
126 silly cache add   spec: '2.3.5',
126 silly cache add   type: 'version' }
127 silly addNamed nan@2.3.5
128 verbose addNamed "2.3.5" is a plain semver version for nan
129 silly mapToRegistry name nan
130 silly mapToRegistry using default registry
131 silly mapToRegistry registry https://registry.npmjs.org/
132 silly mapToRegistry data Result {
132 silly mapToRegistry   raw: 'nan',
132 silly mapToRegistry   scope: null,
132 silly mapToRegistry   escapedName: 'nan',
132 silly mapToRegistry   name: 'nan',
132 silly mapToRegistry   rawSpec: '',
132 silly mapToRegistry   spec: 'latest',
132 silly mapToRegistry   type: 'tag' }
133 silly mapToRegistry uri https://registry.npmjs.org/nan
134 verbose addNameVersion registry:https://registry.npmjs.org/nan not in flight; fetching
135 verbose get https://registry.npmjs.org/nan not expired, no request
136 silly cache afterAdd nan@2.3.5
137 verbose afterAdd /Users/bvodola/.npm/nan/2.3.5/package/package.json not in flight; writing
138 verbose correctMkdir /Users/bvodola/.npm correctMkdir not in flight; initializing
139 verbose afterAdd /Users/bvodola/.npm/nan/2.3.5/package/package.json written
140 silly loadAllDepsIntoIdealTree Finishing
141 silly loadIdealTree Finishing
142 silly currentTree crodity@
142 silly currentTree ├─┬ babel-runtime@6.11.6
142 silly currentTree │ ├── core-js@2.4.1
142 silly currentTree │ └── regenerator-runtime@0.9.5
142 silly currentTree ├── fibers@1.0.13
142 silly currentTree ├─┬ meteor-node-stubs@0.2.3
142 silly currentTree │ ├── assert@1.3.0
142 silly currentTree │ ├─┬ browserify-zlib@0.1.4
142 silly currentTree │ │ └── pako@0.2.8
142 silly currentTree │ ├─┬ buffer@4.5.1
142 silly currentTree │ │ ├── base64-js@1.1.2
142 silly currentTree │ │ ├── ieee754@1.1.6
142 silly currentTree │ │ └── isarray@1.0.0
142 silly currentTree │ ├─┬ console-browserify@1.1.0
142 silly currentTree │ │ └── date-now@0.1.4
142 silly currentTree │ ├── constants-browserify@1.0.0
142 silly currentTree │ ├─┬ crypto-browserify@3.11.0
142 silly currentTree │ │ ├─┬ browserify-cipher@1.0.0
142 silly currentTree │ │ │ ├─┬ browserify-aes@1.0.6
142 silly currentTree │ │ │ │ ├── buffer-xor@1.0.3
142 silly currentTree │ │ │ │ └── cipher-base@1.0.2
142 silly currentTree │ │ │ ├─┬ browserify-des@1.0.0
142 silly currentTree │ │ │ │ ├── cipher-base@1.0.2
142 silly currentTree │ │ │ │ └─┬ des.js@1.0.0
142 silly currentTree │ │ │ │   └── minimalistic-assert@1.0.0
142 silly currentTree │ │ │ └── evp_bytestokey@1.0.0
142 silly currentTree │ │ ├─┬ browserify-sign@4.0.0
142 silly currentTree │ │ │ ├── bn.js@4.11.1
142 silly currentTree │ │ │ ├── browserify-rsa@4.0.1
142 silly currentTree │ │ │ ├─┬ elliptic@6.2.3
142 silly currentTree │ │ │ │ ├── brorand@1.0.5
142 silly currentTree │ │ │ │ └── hash.js@1.0.3
142 silly currentTree │ │ │ └─┬ parse-asn1@5.0.0
142 silly currentTree │ │ │   ├─┬ asn1.js@4.5.2
142 silly currentTree │ │ │   │ └── minimalistic-assert@1.0.0
142 silly currentTree │ │ │   ├─┬ browserify-aes@1.0.6
142 silly currentTree │ │ │   │ ├── buffer-xor@1.0.3
142 silly currentTree │ │ │   │ └── cipher-base@1.0.2
142 silly currentTree │ │ │   └── evp_bytestokey@1.0.0
142 silly currentTree │ │ ├─┬ create-ecdh@4.0.0
142 silly currentTree │ │ │ ├── bn.js@4.11.1
142 silly currentTree │ │ │ └─┬ elliptic@6.2.3
142 silly currentTree │ │ │   ├── brorand@1.0.5
142 silly currentTree │ │ │   └── hash.js@1.0.3
142 silly currentTree │ │ ├─┬ create-hash@1.1.2
142 silly currentTree │ │ │ ├── cipher-base@1.0.2
142 silly currentTree │ │ │ ├── ripemd160@1.0.1
142 silly currentTree │ │ │ └── sha.js@2.4.5
142 silly currentTree │ │ ├── create-hmac@1.1.4
142 silly currentTree │ │ ├─┬ diffie-hellman@5.0.2
142 silly currentTree │ │ │ ├── bn.js@4.11.1
142 silly currentTree │ │ │ └─┬ miller-rabin@4.0.0
142 silly currentTree │ │ │   └── brorand@1.0.5
142 silly currentTree │ │ ├── inherits@2.0.1
142 silly currentTree │ │ ├── pbkdf2@3.0.4
142 silly currentTree │ │ ├─┬ public-encrypt@4.0.0
142 silly currentTree │ │ │ ├── bn.js@4.11.1
142 silly currentTree │ │ │ ├── browserify-rsa@4.0.1
142 silly currentTree │ │ │ └─┬ parse-asn1@5.0.0
142 silly currentTree │ │ │   ├─┬ asn1.js@4.5.2
142 silly currentTree │ │ │   │ └── minimalistic-assert@1.0.0
142 silly currentTree │ │ │   ├─┬ browserify-aes@1.0.6
142 silly currentTree │ │ │   │ ├── buffer-xor@1.0.3
142 silly currentTree │ │ │   │ └── cipher-base@1.0.2
142 silly currentTree │ │ │   └── evp_bytestokey@1.0.0
142 silly currentTree │ │ └── randombytes@2.0.3
142 silly currentTree │ ├── domain-browser@1.1.7
142 silly currentTree │ ├── events@1.1.0
142 silly currentTree │ ├─┬ http-browserify@1.7.0
142 silly currentTree │ │ ├── Base64@0.2.1
142 silly currentTree │ │ └── inherits@2.0.1
142 silly currentTree │ ├── https-browserify@0.0.1
142 silly currentTree │ ├── os-browserify@0.2.1
142 silly currentTree │ ├── path-browserify@0.0.0
142 silly currentTree │ ├── process@0.11.2
142 silly currentTree │ ├── punycode@1.4.1
142 silly currentTree │ ├── querystring-es3@0.2.1
142 silly currentTree │ ├─┬ readable-stream@2.0.6
142 silly currentTree │ │ ├── core-util-is@1.0.2
142 silly currentTree │ │ ├── inherits@2.0.1
142 silly currentTree │ │ ├── isarray@1.0.0
142 silly currentTree │ │ ├── process-nextick-args@1.0.6
142 silly currentTree │ │ └── util-deprecate@1.0.2
142 silly currentTree │ ├─┬ stream-browserify@2.0.1
142 silly currentTree │ │ └── inherits@2.0.1
142 silly currentTree │ ├── string_decoder@0.10.31
142 silly currentTree │ ├── timers-browserify@1.4.2
142 silly currentTree │ ├── tty-browserify@0.0.0
142 silly currentTree │ ├─┬ url@0.11.0
142 silly currentTree │ │ ├── punycode@1.3.2
142 silly currentTree │ │ └── querystring@0.2.0
142 silly currentTree │ ├─┬ util@0.10.3
142 silly currentTree │ │ └── inherits@2.0.1
142 silly currentTree │ └─┬ vm-browserify@0.0.4
142 silly currentTree │   └── indexof@0.0.1
142 silly currentTree ├── moment@2.14.1
142 silly currentTree ├── react-addons-pure-render-mixin@15.2.1
142 silly currentTree ├── react-dom@15.1.0
142 silly currentTree ├─┬ react-hot-loader@3.0.0-beta.5
142 silly currentTree │ ├─┬ babel-template@6.16.0
142 silly currentTree │ │ ├─┬ babel-traverse@6.16.0
142 silly currentTree │ │ │ ├─┬ babel-code-frame@6.16.0
142 silly currentTree │ │ │ │ ├─┬ chalk@1.1.3
142 silly currentTree │ │ │ │ │ ├── ansi-styles@2.2.1
142 silly currentTree │ │ │ │ │ ├── escape-string-regexp@1.0.5
142 silly currentTree │ │ │ │ │ ├─┬ has-ansi@2.0.0
142 silly currentTree │ │ │ │ │ │ └── ansi-regex@2.0.0
142 silly currentTree │ │ │ │ │ ├─┬ strip-ansi@3.0.1
142 silly currentTree │ │ │ │ │ │ └── ansi-regex@2.0.0
142 silly currentTree │ │ │ │ │ └── supports-color@2.0.0
142 silly currentTree │ │ │ │ ├── esutils@2.0.2
142 silly currentTree │ │ │ │ └── js-tokens@2.0.0
142 silly currentTree │ │ │ ├── babel-messages@6.8.0
142 silly currentTree │ │ │ ├─┬ debug@2.2.0
142 silly currentTree │ │ │ │ └── ms@0.7.1
142 silly currentTree │ │ │ ├── globals@8.18.0
142 silly currentTree │ │ │ └─┬ invariant@2.2.1
142 silly currentTree │ │ │   └─┬ loose-envify@1.2.0
142 silly currentTree │ │ │     └── js-tokens@1.0.3
142 silly currentTree │ │ ├─┬ babel-types@6.16.0
142 silly currentTree │ │ │ ├── esutils@2.0.2
142 silly currentTree │ │ │ └── to-fast-properties@1.0.2
142 silly currentTree │ │ ├── babylon@6.11.2
142 silly currentTree │ │ └── lodash@4.16.2
142 silly currentTree │ ├─┬ global@4.3.1
142 silly currentTree │ │ ├─┬ min-document@2.19.0
142 silly currentTree │ │ │ └── dom-walk@0.1.1
142 silly currentTree │ │ └── process@0.5.2
142 silly currentTree │ ├── react-deep-force-update@2.0.1
142 silly currentTree │ ├─┬ react-proxy@3.0.0-alpha.1
142 silly currentTree │ │ └── lodash@4.16.2
142 silly currentTree │ └─┬ source-map@0.4.4
142 silly currentTree │   └── amdefine@1.0.0
142 silly currentTree ├─┬ react-komposer@1.11.0
142 silly currentTree │ ├─┬ babel-runtime@6.9.2
142 silly currentTree │ │ ├── core-js@2.4.0
142 silly currentTree │ │ └── regenerator-runtime@0.9.5
142 silly currentTree │ ├── hoist-non-react-statics@1.2.0
142 silly currentTree │ ├─┬ invariant@2.2.1
142 silly currentTree │ │ └─┬ loose-envify@1.2.0
142 silly currentTree │ │   └── js-tokens@1.0.3
142 silly currentTree │ └─┬ shallowequal@0.2.2
142 silly currentTree │   └─┬ lodash.keys@3.1.2
142 silly currentTree │     ├── lodash._getnative@3.9.1
142 silly currentTree │     ├── lodash.isarguments@3.0.8
142 silly currentTree │     └── lodash.isarray@3.0.4
142 silly currentTree ├─┬ react-mounter@1.2.0
142 silly currentTree │ ├─┬ babel-runtime@6.9.2
142 silly currentTree │ │ ├── core-js@2.4.0
142 silly currentTree │ │ └── regenerator-runtime@0.9.5
142 silly currentTree │ └── domready@1.0.8
142 silly currentTree ├─┬ react-router@2.6.0
142 silly currentTree │ ├─┬ history@2.1.2
142 silly currentTree │ │ ├── deep-equal@1.0.1
142 silly currentTree │ │ ├─┬ query-string@3.0.3
142 silly currentTree │ │ │ └── strict-uri-encode@1.1.0
142 silly currentTree │ │ └── warning@2.1.0
142 silly currentTree │ ├── hoist-non-react-statics@1.2.0
142 silly currentTree │ ├── invariant@2.2.1
142 silly currentTree │ ├─┬ loose-envify@1.2.0
142 silly currentTree │ │ └── js-tokens@1.0.3
142 silly currentTree │ └── warning@3.0.0
142 silly currentTree ├─┬ react@15.2.1
142 silly currentTree │ ├─┬ fbjs@0.8.3
142 silly currentTree │ │ ├── core-js@1.2.7
142 silly currentTree │ │ ├── immutable@3.8.1
142 silly currentTree │ │ ├─┬ isomorphic-fetch@2.2.1
142 silly currentTree │ │ │ ├─┬ node-fetch@1.5.3
142 silly currentTree │ │ │ │ ├─┬ encoding@0.1.12
142 silly currentTree │ │ │ │ │ └── iconv-lite@0.4.13
142 silly currentTree │ │ │ │ └── is-stream@1.1.0
142 silly currentTree │ │ │ └── whatwg-fetch@1.0.0
142 silly currentTree │ │ ├─┬ promise@7.1.1
142 silly currentTree │ │ │ └── asap@2.0.4
142 silly currentTree │ │ └── ua-parser-js@0.7.10
142 silly currentTree │ ├─┬ loose-envify@1.2.0
142 silly currentTree │ │ └── js-tokens@1.0.3
142 silly currentTree │ └── object-assign@4.1.0
142 silly currentTree ├─┬ redbox-react@1.3.1
142 silly currentTree │ ├─┬ error-stack-parser@1.3.6
142 silly currentTree │ │ └── stackframe@0.3.1
142 silly currentTree │ └── object-assign@4.1.0
142 silly currentTree └─┬ twit@2.2.4
142 silly currentTree   ├── bluebird@3.4.1
142 silly currentTree   ├── mime@1.3.4
142 silly currentTree   └─┬ request@2.58.0
142 silly currentTree     ├── aws-sign2@0.5.0
142 silly currentTree     ├─┬ bl@0.9.5
142 silly currentTree     │ └─┬ readable-stream@1.0.34
142 silly currentTree     │   ├── core-util-is@1.0.2
142 silly currentTree     │   ├── inherits@2.0.1
142 silly currentTree     │   ├── isarray@0.0.1
142 silly currentTree     │   └── string_decoder@0.10.31
142 silly currentTree     ├── caseless@0.10.0
142 silly currentTree     ├─┬ combined-stream@1.0.5
142 silly currentTree     │ └── delayed-stream@1.0.0
142 silly currentTree     ├── extend@2.0.1
142 silly currentTree     ├── forever-agent@0.6.1
142 silly currentTree     ├─┬ form-data@1.0.0-rc4
142 silly currentTree     │ ├── async@1.5.2
142 silly currentTree     │ └─┬ mime-types@2.1.11
142 silly currentTree     │   └── mime-db@1.23.0
142 silly currentTree     ├─┬ har-validator@1.8.0
142 silly currentTree     │ ├── bluebird@2.10.2
142 silly currentTree     │ ├─┬ chalk@1.1.3
142 silly currentTree     │ │ ├── ansi-styles@2.2.1
142 silly currentTree     │ │ ├── escape-string-regexp@1.0.5
142 silly currentTree     │ │ ├─┬ has-ansi@2.0.0
142 silly currentTree     │ │ │ └── ansi-regex@2.0.0
142 silly currentTree     │ │ ├─┬ strip-ansi@3.0.1
142 silly currentTree     │ │ │ └── ansi-regex@2.0.0
142 silly currentTree     │ │ └── supports-color@2.0.0
142 silly currentTree     │ ├─┬ commander@2.9.0
142 silly currentTree     │ │ └── graceful-readlink@1.0.1
142 silly currentTree     │ └─┬ is-my-json-valid@2.13.1
142 silly currentTree     │   ├── generate-function@2.0.0
142 silly currentTree     │   ├─┬ generate-object-property@1.2.0
142 silly currentTree     │   │ └── is-property@1.0.2
142 silly currentTree     │   ├── jsonpointer@2.0.0
142 silly currentTree     │   └── xtend@4.0.1
142 silly currentTree     ├─┬ hawk@2.3.1
142 silly currentTree     │ ├── boom@2.10.1
142 silly currentTree     │ ├── cryptiles@2.0.5
142 silly currentTree     │ ├── hoek@2.16.3
142 silly currentTree     │ └── sntp@1.0.9
142 silly currentTree     ├─┬ http-signature@0.11.0
142 silly currentTree     │ ├── asn1@0.1.11
142 silly currentTree     │ ├── assert-plus@0.1.5
142 silly currentTree     │ └── ctype@0.5.3
142 silly currentTree     ├── isstream@0.1.2
142 silly currentTree     ├── json-stringify-safe@5.0.1
142 silly currentTree     ├─┬ mime-types@2.0.14
142 silly currentTree     │ └── mime-db@1.12.0
142 silly currentTree     ├── node-uuid@1.4.7
142 silly currentTree     ├── oauth-sign@0.8.2
142 silly currentTree     ├── qs@3.1.0
142 silly currentTree     ├── stringstream@0.0.5
142 silly currentTree     ├── tough-cookie@2.2.2
142 silly currentTree     └── tunnel-agent@0.4.3
143 silly idealTree crodity@
143 silly idealTree ├─┬ babel-runtime@6.11.6
143 silly idealTree │ ├── core-js@2.4.1
143 silly idealTree │ └── regenerator-runtime@0.9.5
143 silly idealTree ├── bcrypt@0.8.7
143 silly idealTree ├── bindings@1.2.1
143 silly idealTree ├── fibers@1.0.13
143 silly idealTree ├─┬ meteor-node-stubs@0.2.3
143 silly idealTree │ ├── assert@1.3.0
143 silly idealTree │ ├─┬ browserify-zlib@0.1.4
143 silly idealTree │ │ └── pako@0.2.8
143 silly idealTree │ ├─┬ buffer@4.5.1
143 silly idealTree │ │ ├── base64-js@1.1.2
143 silly idealTree │ │ ├── ieee754@1.1.6
143 silly idealTree │ │ └── isarray@1.0.0
143 silly idealTree │ ├─┬ console-browserify@1.1.0
143 silly idealTree │ │ └── date-now@0.1.4
143 silly idealTree │ ├── constants-browserify@1.0.0
143 silly idealTree │ ├─┬ crypto-browserify@3.11.0
143 silly idealTree │ │ ├─┬ browserify-cipher@1.0.0
143 silly idealTree │ │ │ ├─┬ browserify-aes@1.0.6
143 silly idealTree │ │ │ │ ├── buffer-xor@1.0.3
143 silly idealTree │ │ │ │ └── cipher-base@1.0.2
143 silly idealTree │ │ │ ├─┬ browserify-des@1.0.0
143 silly idealTree │ │ │ │ ├── cipher-base@1.0.2
143 silly idealTree │ │ │ │ └─┬ des.js@1.0.0
143 silly idealTree │ │ │ │   └── minimalistic-assert@1.0.0
143 silly idealTree │ │ │ └── evp_bytestokey@1.0.0
143 silly idealTree │ │ ├─┬ browserify-sign@4.0.0
143 silly idealTree │ │ │ ├── bn.js@4.11.1
143 silly idealTree │ │ │ ├── browserify-rsa@4.0.1
143 silly idealTree │ │ │ ├─┬ elliptic@6.2.3
143 silly idealTree │ │ │ │ ├── brorand@1.0.5
143 silly idealTree │ │ │ │ └── hash.js@1.0.3
143 silly idealTree │ │ │ └─┬ parse-asn1@5.0.0
143 silly idealTree │ │ │   ├─┬ asn1.js@4.5.2
143 silly idealTree │ │ │   │ └── minimalistic-assert@1.0.0
143 silly idealTree │ │ │   ├─┬ browserify-aes@1.0.6
143 silly idealTree │ │ │   │ ├── buffer-xor@1.0.3
143 silly idealTree │ │ │   │ └── cipher-base@1.0.2
143 silly idealTree │ │ │   └── evp_bytestokey@1.0.0
143 silly idealTree │ │ ├─┬ create-ecdh@4.0.0
143 silly idealTree │ │ │ ├── bn.js@4.11.1
143 silly idealTree │ │ │ └─┬ elliptic@6.2.3
143 silly idealTree │ │ │   ├── brorand@1.0.5
143 silly idealTree │ │ │   └── hash.js@1.0.3
143 silly idealTree │ │ ├─┬ create-hash@1.1.2
143 silly idealTree │ │ │ ├── cipher-base@1.0.2
143 silly idealTree │ │ │ ├── ripemd160@1.0.1
143 silly idealTree │ │ │ └── sha.js@2.4.5
143 silly idealTree │ │ ├── create-hmac@1.1.4
143 silly idealTree │ │ ├─┬ diffie-hellman@5.0.2
143 silly idealTree │ │ │ ├── bn.js@4.11.1
143 silly idealTree │ │ │ └─┬ miller-rabin@4.0.0
143 silly idealTree │ │ │   └── brorand@1.0.5
143 silly idealTree │ │ ├── inherits@2.0.1
143 silly idealTree │ │ ├── pbkdf2@3.0.4
143 silly idealTree │ │ ├─┬ public-encrypt@4.0.0
143 silly idealTree │ │ │ ├── bn.js@4.11.1
143 silly idealTree │ │ │ ├── browserify-rsa@4.0.1
143 silly idealTree │ │ │ └─┬ parse-asn1@5.0.0
143 silly idealTree │ │ │   ├─┬ asn1.js@4.5.2
143 silly idealTree │ │ │   │ └── minimalistic-assert@1.0.0
143 silly idealTree │ │ │   ├─┬ browserify-aes@1.0.6
143 silly idealTree │ │ │   │ ├── buffer-xor@1.0.3
143 silly idealTree │ │ │   │ └── cipher-base@1.0.2
143 silly idealTree │ │ │   └── evp_bytestokey@1.0.0
143 silly idealTree │ │ └── randombytes@2.0.3
143 silly idealTree │ ├── domain-browser@1.1.7
143 silly idealTree │ ├── events@1.1.0
143 silly idealTree │ ├─┬ http-browserify@1.7.0
143 silly idealTree │ │ ├── Base64@0.2.1
143 silly idealTree │ │ └── inherits@2.0.1
143 silly idealTree │ ├── https-browserify@0.0.1
143 silly idealTree │ ├── os-browserify@0.2.1
143 silly idealTree │ ├── path-browserify@0.0.0
143 silly idealTree │ ├── process@0.11.2
143 silly idealTree │ ├── punycode@1.4.1
143 silly idealTree │ ├── querystring-es3@0.2.1
143 silly idealTree │ ├─┬ readable-stream@2.0.6
143 silly idealTree │ │ ├── core-util-is@1.0.2
143 silly idealTree │ │ ├── inherits@2.0.1
143 silly idealTree │ │ ├── isarray@1.0.0
143 silly idealTree │ │ ├── process-nextick-args@1.0.6
143 silly idealTree │ │ └── util-deprecate@1.0.2
143 silly idealTree │ ├─┬ stream-browserify@2.0.1
143 silly idealTree │ │ └── inherits@2.0.1
143 silly idealTree │ ├── string_decoder@0.10.31
143 silly idealTree │ ├── timers-browserify@1.4.2
143 silly idealTree │ ├── tty-browserify@0.0.0
143 silly idealTree │ ├─┬ url@0.11.0
143 silly idealTree │ │ ├── punycode@1.3.2
143 silly idealTree │ │ └── querystring@0.2.0
143 silly idealTree │ ├─┬ util@0.10.3
143 silly idealTree │ │ └── inherits@2.0.1
143 silly idealTree │ └─┬ vm-browserify@0.0.4
143 silly idealTree │   └── indexof@0.0.1
143 silly idealTree ├── moment@2.14.1
143 silly idealTree ├── nan@2.3.5
143 silly idealTree ├── react-addons-pure-render-mixin@15.2.1
143 silly idealTree ├── react-dom@15.1.0
143 silly idealTree ├─┬ react-hot-loader@3.0.0-beta.5
143 silly idealTree │ ├─┬ babel-template@6.16.0
143 silly idealTree │ │ ├─┬ babel-traverse@6.16.0
143 silly idealTree │ │ │ ├─┬ babel-code-frame@6.16.0
143 silly idealTree │ │ │ │ ├─┬ chalk@1.1.3
143 silly idealTree │ │ │ │ │ ├── ansi-styles@2.2.1
143 silly idealTree │ │ │ │ │ ├── escape-string-regexp@1.0.5
143 silly idealTree │ │ │ │ │ ├─┬ has-ansi@2.0.0
143 silly idealTree │ │ │ │ │ │ └── ansi-regex@2.0.0
143 silly idealTree │ │ │ │ │ ├─┬ strip-ansi@3.0.1
143 silly idealTree │ │ │ │ │ │ └── ansi-regex@2.0.0
143 silly idealTree │ │ │ │ │ └── supports-color@2.0.0
143 silly idealTree │ │ │ │ ├── esutils@2.0.2
143 silly idealTree │ │ │ │ └── js-tokens@2.0.0
143 silly idealTree │ │ │ ├── babel-messages@6.8.0
143 silly idealTree │ │ │ ├─┬ debug@2.2.0
143 silly idealTree │ │ │ │ └── ms@0.7.1
143 silly idealTree │ │ │ ├── globals@8.18.0
143 silly idealTree │ │ │ └─┬ invariant@2.2.1
143 silly idealTree │ │ │   └─┬ loose-envify@1.2.0
143 silly idealTree │ │ │     └── js-tokens@1.0.3
143 silly idealTree │ │ ├─┬ babel-types@6.16.0
143 silly idealTree │ │ │ ├── esutils@2.0.2
143 silly idealTree │ │ │ └── to-fast-properties@1.0.2
143 silly idealTree │ │ ├── babylon@6.11.2
143 silly idealTree │ │ └── lodash@4.16.2
143 silly idealTree │ ├─┬ global@4.3.1
143 silly idealTree │ │ ├─┬ min-document@2.19.0
143 silly idealTree │ │ │ └── dom-walk@0.1.1
143 silly idealTree │ │ └── process@0.5.2
143 silly idealTree │ ├── react-deep-force-update@2.0.1
143 silly idealTree │ ├─┬ react-proxy@3.0.0-alpha.1
143 silly idealTree │ │ └── lodash@4.16.2
143 silly idealTree │ └─┬ source-map@0.4.4
143 silly idealTree │   └── amdefine@1.0.0
143 silly idealTree ├─┬ react-komposer@1.11.0
143 silly idealTree │ ├─┬ babel-runtime@6.9.2
143 silly idealTree │ │ ├── core-js@2.4.0
143 silly idealTree │ │ └── regenerator-runtime@0.9.5
143 silly idealTree │ ├── hoist-non-react-statics@1.2.0
143 silly idealTree │ ├─┬ invariant@2.2.1
143 silly idealTree │ │ └─┬ loose-envify@1.2.0
143 silly idealTree │ │   └── js-tokens@1.0.3
143 silly idealTree │ └─┬ shallowequal@0.2.2
143 silly idealTree │   └─┬ lodash.keys@3.1.2
143 silly idealTree │     ├── lodash._getnative@3.9.1
143 silly idealTree │     ├── lodash.isarguments@3.0.8
143 silly idealTree │     └── lodash.isarray@3.0.4
143 silly idealTree ├─┬ react-mounter@1.2.0
143 silly idealTree │ ├─┬ babel-runtime@6.9.2
143 silly idealTree │ │ ├── core-js@2.4.0
143 silly idealTree │ │ └── regenerator-runtime@0.9.5
143 silly idealTree │ └── domready@1.0.8
143 silly idealTree ├─┬ react-router@2.6.0
143 silly idealTree │ ├─┬ history@2.1.2
143 silly idealTree │ │ ├── deep-equal@1.0.1
143 silly idealTree │ │ ├─┬ query-string@3.0.3
143 silly idealTree │ │ │ └── strict-uri-encode@1.1.0
143 silly idealTree │ │ └── warning@2.1.0
143 silly idealTree │ ├── hoist-non-react-statics@1.2.0
143 silly idealTree │ ├── invariant@2.2.1
143 silly idealTree │ ├─┬ loose-envify@1.2.0
143 silly idealTree │ │ └── js-tokens@1.0.3
143 silly idealTree │ └── warning@3.0.0
143 silly idealTree ├─┬ react@15.2.1
143 silly idealTree │ ├─┬ fbjs@0.8.3
143 silly idealTree │ │ ├── core-js@1.2.7
143 silly idealTree │ │ ├── immutable@3.8.1
143 silly idealTree │ │ ├─┬ isomorphic-fetch@2.2.1
143 silly idealTree │ │ │ ├─┬ node-fetch@1.5.3
143 silly idealTree │ │ │ │ ├─┬ encoding@0.1.12
143 silly idealTree │ │ │ │ │ └── iconv-lite@0.4.13
143 silly idealTree │ │ │ │ └── is-stream@1.1.0
143 silly idealTree │ │ │ └── whatwg-fetch@1.0.0
143 silly idealTree │ │ ├─┬ promise@7.1.1
143 silly idealTree │ │ │ └── asap@2.0.4
143 silly idealTree │ │ └── ua-parser-js@0.7.10
143 silly idealTree │ ├─┬ loose-envify@1.2.0
143 silly idealTree │ │ └── js-tokens@1.0.3
143 silly idealTree │ └── object-assign@4.1.0
143 silly idealTree ├─┬ redbox-react@1.3.1
143 silly idealTree │ ├─┬ error-stack-parser@1.3.6
143 silly idealTree │ │ └── stackframe@0.3.1
143 silly idealTree │ └── object-assign@4.1.0
143 silly idealTree └─┬ twit@2.2.4
143 silly idealTree   ├── bluebird@3.4.1
143 silly idealTree   ├── mime@1.3.4
143 silly idealTree   └─┬ request@2.58.0
143 silly idealTree     ├── aws-sign2@0.5.0
143 silly idealTree     ├─┬ bl@0.9.5
143 silly idealTree     │ └─┬ readable-stream@1.0.34
143 silly idealTree     │   ├── core-util-is@1.0.2
143 silly idealTree     │   ├── inherits@2.0.1
143 silly idealTree     │   ├── isarray@0.0.1
143 silly idealTree     │   └── string_decoder@0.10.31
143 silly idealTree     ├── caseless@0.10.0
143 silly idealTree     ├─┬ combined-stream@1.0.5
143 silly idealTree     │ └── delayed-stream@1.0.0
143 silly idealTree     ├── extend@2.0.1
143 silly idealTree     ├── forever-agent@0.6.1
143 silly idealTree     ├─┬ form-data@1.0.0-rc4
143 silly idealTree     │ ├── async@1.5.2
143 silly idealTree     │ └─┬ mime-types@2.1.11
143 silly idealTree     │   └── mime-db@1.23.0
143 silly idealTree     ├─┬ har-validator@1.8.0
143 silly idealTree     │ ├── bluebird@2.10.2
143 silly idealTree     │ ├─┬ chalk@1.1.3
143 silly idealTree     │ │ ├── ansi-styles@2.2.1
143 silly idealTree     │ │ ├── escape-string-regexp@1.0.5
143 silly idealTree     │ │ ├─┬ has-ansi@2.0.0
143 silly idealTree     │ │ │ └── ansi-regex@2.0.0
143 silly idealTree     │ │ ├─┬ strip-ansi@3.0.1
143 silly idealTree     │ │ │ └── ansi-regex@2.0.0
143 silly idealTree     │ │ └── supports-color@2.0.0
143 silly idealTree     │ ├─┬ commander@2.9.0
143 silly idealTree     │ │ └── graceful-readlink@1.0.1
143 silly idealTree     │ └─┬ is-my-json-valid@2.13.1
143 silly idealTree     │   ├── generate-function@2.0.0
143 silly idealTree     │   ├─┬ generate-object-property@1.2.0
143 silly idealTree     │   │ └── is-property@1.0.2
143 silly idealTree     │   ├── jsonpointer@2.0.0
143 silly idealTree     │   └── xtend@4.0.1
143 silly idealTree     ├─┬ hawk@2.3.1
143 silly idealTree     │ ├── boom@2.10.1
143 silly idealTree     │ ├── cryptiles@2.0.5
143 silly idealTree     │ ├── hoek@2.16.3
143 silly idealTree     │ └── sntp@1.0.9
143 silly idealTree     ├─┬ http-signature@0.11.0
143 silly idealTree     │ ├── asn1@0.1.11
143 silly idealTree     │ ├── assert-plus@0.1.5
143 silly idealTree     │ └── ctype@0.5.3
143 silly idealTree     ├── isstream@0.1.2
143 silly idealTree     ├── json-stringify-safe@5.0.1
143 silly idealTree     ├─┬ mime-types@2.0.14
143 silly idealTree     │ └── mime-db@1.12.0
143 silly idealTree     ├── node-uuid@1.4.7
143 silly idealTree     ├── oauth-sign@0.8.2
143 silly idealTree     ├── qs@3.1.0
143 silly idealTree     ├── stringstream@0.0.5
143 silly idealTree     ├── tough-cookie@2.2.2
143 silly idealTree     └── tunnel-agent@0.4.3
144 silly generateActionsToTake Starting
145 silly install generateActionsToTake
146 silly generateActionsToTake Finishing
147 silly diffTrees action count 3
148 silly diffTrees add bindings@1.2.1
149 silly diffTrees add nan@2.3.5
150 silly diffTrees add bcrypt@0.8.7
151 silly decomposeActions action count 24
152 silly decomposeActions fetch bindings@1.2.1
153 silly decomposeActions extract bindings@1.2.1
154 silly decomposeActions test bindings@1.2.1
155 silly decomposeActions preinstall bindings@1.2.1
156 silly decomposeActions build bindings@1.2.1
157 silly decomposeActions install bindings@1.2.1
158 silly decomposeActions postinstall bindings@1.2.1
159 silly decomposeActions finalize bindings@1.2.1
160 silly decomposeActions fetch nan@2.3.5
161 silly decomposeActions extract nan@2.3.5
162 silly decomposeActions test nan@2.3.5
163 silly decomposeActions preinstall nan@2.3.5
164 silly decomposeActions build nan@2.3.5
165 silly decomposeActions install nan@2.3.5
166 silly decomposeActions postinstall nan@2.3.5
167 silly decomposeActions finalize nan@2.3.5
168 silly decomposeActions fetch bcrypt@0.8.7
169 silly decomposeActions extract bcrypt@0.8.7
170 silly decomposeActions test bcrypt@0.8.7
171 silly decomposeActions preinstall bcrypt@0.8.7
172 silly decomposeActions build bcrypt@0.8.7
173 silly decomposeActions install bcrypt@0.8.7
174 silly decomposeActions postinstall bcrypt@0.8.7
175 silly decomposeActions finalize bcrypt@0.8.7
176 silly executeActions Starting
177 silly install executeActions
178 silly doSerial global-install 0
179 silly doParallel fetch 3
180 verbose correctMkdir /Users/bvodola/.npm/_locks correctMkdir not in flight; initializing
181 verbose lock using /Users/bvodola/.npm/_locks/staging-ef546ca483dc3397.lock for /Users/bvodola/Projects/crodity/node_modules/.staging
182 silly doParallel extract 3
183 silly extract bindings@1.2.1
184 silly extract nan@2.3.5
185 silly extract bcrypt@0.8.7
186 verbose unbuild node_modules/.staging/bindings-683b7d57
187 verbose unbuild node_modules/.staging/nan-ea71cd74
188 verbose unbuild node_modules/.staging/bcrypt-e218b9c4
189 silly gentlyRm /Users/bvodola/Projects/crodity/node_modules/.staging/bindings-683b7d57 is being purged from base /Users/bvodola/Projects/crodity
190 verbose gentlyRm don't care about contents; nuking /Users/bvodola/Projects/crodity/node_modules/.staging/bindings-683b7d57
191 silly gentlyRm /Users/bvodola/Projects/crodity/node_modules/.staging/nan-ea71cd74 is being purged from base /Users/bvodola/Projects/crodity
192 verbose gentlyRm don't care about contents; nuking /Users/bvodola/Projects/crodity/node_modules/.staging/nan-ea71cd74
193 silly gentlyRm /Users/bvodola/Projects/crodity/node_modules/.staging/bcrypt-e218b9c4 is being purged from base /Users/bvodola/Projects/crodity
194 verbose gentlyRm don't care about contents; nuking /Users/bvodola/Projects/crodity/node_modules/.staging/bcrypt-e218b9c4
195 verbose tar unpack /Users/bvodola/.npm/bindings/1.2.1/package.tgz
196 verbose tar unpacking to /Users/bvodola/Projects/crodity/node_modules/.staging/bindings-683b7d57
197 silly gentlyRm /Users/bvodola/Projects/crodity/node_modules/.staging/bindings-683b7d57 is being purged
198 verbose gentlyRm don't care about contents; nuking /Users/bvodola/Projects/crodity/node_modules/.staging/bindings-683b7d57
199 verbose tar unpack /Users/bvodola/.npm/nan/2.3.5/package.tgz
200 verbose tar unpacking to /Users/bvodola/Projects/crodity/node_modules/.staging/nan-ea71cd74
201 silly gentlyRm /Users/bvodola/Projects/crodity/node_modules/.staging/nan-ea71cd74 is being purged
202 verbose gentlyRm don't care about contents; nuking /Users/bvodola/Projects/crodity/node_modules/.staging/nan-ea71cd74
203 verbose tar unpack /Users/bvodola/.npm/bcrypt/0.8.7/package.tgz
204 verbose tar unpacking to /Users/bvodola/Projects/crodity/node_modules/.staging/bcrypt-e218b9c4
205 silly gentlyRm /Users/bvodola/Projects/crodity/node_modules/.staging/bcrypt-e218b9c4 is being purged
206 verbose gentlyRm don't care about contents; nuking /Users/bvodola/Projects/crodity/node_modules/.staging/bcrypt-e218b9c4
207 silly gunzTarPerm modes [ '755', '644' ]
208 silly gunzTarPerm modes [ '755', '644' ]
209 silly gunzTarPerm modes [ '755', '644' ]
210 silly gunzTarPerm extractEntry package.json
211 silly gunzTarPerm extractEntry package.json
212 silly gunzTarPerm modified mode [ 'package.json', 436, 420 ]
213 silly gunzTarPerm extractEntry package.json
214 silly gunzTarPerm extractEntry README.md
215 silly gunzTarPerm extractEntry bindings.js
216 silly gunzTarPerm extractEntry README.md
217 silly gunzTarPerm modified mode [ 'README.md', 436, 420 ]
218 silly gunzTarPerm extractEntry include_dirs.js
219 silly gunzTarPerm modified mode [ 'include_dirs.js', 436, 420 ]
220 silly gunzTarPerm extractEntry .npmignore
221 silly gunzTarPerm extractEntry README.md
222 silly gunzTarPerm extractEntry LICENSE
223 silly gunzTarPerm extractEntry bcrypt.js
224 silly gunzTarPerm extractEntry Makefile
225 silly gunzTarPerm extractEntry .travis.yml
226 silly gunzTarPerm extractEntry CHANGELOG.md
227 silly gunzTarPerm extractEntry binding.gyp
228 silly gunzTarPerm extractEntry examples/async_compare.js
229 silly gunzTarPerm extractEntry examples/forever_gen_salt.js
230 silly gunzTarPerm extractEntry test/async.js
231 silly gunzTarPerm extractEntry test/repetitions.js
232 silly gunzTarPerm extractEntry test/sync.js
233 silly gunzTarPerm extractEntry ISSUE_TEMPLATE.md
234 silly gunzTarPerm extractEntry src/bcrypt.cc
235 silly gunzTarPerm extractEntry src/bcrypt_node.cc
236 silly gunzTarPerm extractEntry src/blowfish.cc
237 silly gunzTarPerm extractEntry src/node_blf.h
238 silly gunzTarPerm extractEntry werker.yml
239 silly gunzTarPerm extractEntry nan_converters.h
240 silly gunzTarPerm modified mode [ 'nan_converters.h', 436, 420 ]
241 silly gunzTarPerm extractEntry LICENSE.md
242 silly gunzTarPerm modified mode [ 'LICENSE.md', 436, 420 ]
243 silly gunzTarPerm extractEntry doc/node_misc.md
244 silly gunzTarPerm modified mode [ 'doc/node_misc.md', 436, 420 ]
245 silly gunzTarPerm extractEntry doc/asyncworker.md
246 silly gunzTarPerm modified mode [ 'doc/asyncworker.md', 436, 420 ]
247 silly gunzTarPerm extractEntry doc/callback.md
248 silly gunzTarPerm modified mode [ 'doc/callback.md', 436, 420 ]
249 silly gunzTarPerm extractEntry doc/converters.md
250 silly gunzTarPerm modified mode [ 'doc/converters.md', 436, 420 ]
251 silly gunzTarPerm extractEntry doc/errors.md
252 silly gunzTarPerm modified mode [ 'doc/errors.md', 436, 420 ]
253 silly gunzTarPerm extractEntry doc/maybe_types.md
254 silly gunzTarPerm modified mode [ 'doc/maybe_types.md', 436, 420 ]
255 silly gunzTarPerm extractEntry doc/methods.md
256 silly gunzTarPerm modified mode [ 'doc/methods.md', 436, 420 ]
257 silly gunzTarPerm extractEntry doc/new.md
258 silly gunzTarPerm modified mode [ 'doc/new.md', 436, 420 ]
259 silly gentlyRm /Users/bvodola/Projects/crodity/node_modules/.staging/bindings-683b7d57/node_modules is being purged
260 verbose gentlyRm don't care about contents; nuking /Users/bvodola/Projects/crodity/node_modules/.staging/bindings-683b7d57/node_modules
261 silly gunzTarPerm extractEntry doc/buffers.md
262 silly gunzTarPerm modified mode [ 'doc/buffers.md', 436, 420 ]
263 silly gunzTarPerm extractEntry doc/object_wrappers.md
264 silly gunzTarPerm modified mode [ 'doc/object_wrappers.md', 436, 420 ]
265 silly gunzTarPerm extractEntry doc/persistent.md
266 silly gunzTarPerm modified mode [ 'doc/persistent.md', 436, 420 ]
267 silly gunzTarPerm extractEntry doc/scopes.md
268 silly gunzTarPerm modified mode [ 'doc/scopes.md', 436, 420 ]
269 silly gunzTarPerm extractEntry doc/script.md
270 silly gunzTarPerm modified mode [ 'doc/script.md', 436, 420 ]
271 silly gunzTarPerm extractEntry doc/string_bytes.md
272 silly gunzTarPerm modified mode [ 'doc/string_bytes.md', 436, 420 ]
273 silly gunzTarPerm extractEntry doc/v8_internals.md
274 silly gunzTarPerm modified mode [ 'doc/v8_internals.md', 436, 420 ]
275 silly gunzTarPerm extractEntry doc/v8_misc.md
276 silly gunzTarPerm modified mode [ 'doc/v8_misc.md', 436, 420 ]
277 silly gunzTarPerm extractEntry nan.h
278 silly gunzTarPerm modified mode [ 'nan.h', 436, 420 ]
279 silly gunzTarPerm extractEntry nan_callbacks.h
280 silly gunzTarPerm modified mode [ 'nan_callbacks.h', 436, 420 ]
281 silly gunzTarPerm extractEntry nan_callbacks_12_inl.h
282 silly gunzTarPerm modified mode [ 'nan_callbacks_12_inl.h', 436, 420 ]
283 silly gunzTarPerm extractEntry nan_callbacks_pre_12_inl.h
284 silly gunzTarPerm modified mode [ 'nan_callbacks_pre_12_inl.h', 436, 420 ]
285 silly gunzTarPerm extractEntry nan_converters_43_inl.h
286 silly gunzTarPerm modified mode [ 'nan_converters_43_inl.h', 436, 420 ]
287 silly gunzTarPerm extractEntry nan_converters_pre_43_inl.h
288 silly gunzTarPerm modified mode [ 'nan_converters_pre_43_inl.h', 436, 420 ]
289 silly gunzTarPerm extractEntry nan_implementation_12_inl.h
290 silly gunzTarPerm modified mode [ 'nan_implementation_12_inl.h', 436, 420 ]
291 silly gunzTarPerm extractEntry nan_implementation_pre_12_inl.h
292 silly gunzTarPerm modified mode [ 'nan_implementation_pre_12_inl.h', 436, 420 ]
293 silly gunzTarPerm extractEntry nan_maybe_43_inl.h
294 silly gunzTarPerm modified mode [ 'nan_maybe_43_inl.h', 436, 420 ]
295 silly gunzTarPerm extractEntry nan_maybe_pre_43_inl.h
296 silly gunzTarPerm modified mode [ 'nan_maybe_pre_43_inl.h', 436, 420 ]
297 silly gunzTarPerm extractEntry nan_new.h
298 silly gunzTarPerm modified mode [ 'nan_new.h', 436, 420 ]
299 silly gunzTarPerm extractEntry nan_object_wrap.h
300 silly gunzTarPerm modified mode [ 'nan_object_wrap.h', 436, 420 ]
301 silly gunzTarPerm extractEntry nan_persistent_12_inl.h
302 silly gunzTarPerm modified mode [ 'nan_persistent_12_inl.h', 436, 420 ]
303 silly gunzTarPerm extractEntry nan_persistent_pre_12_inl.h
304 silly gunzTarPerm modified mode [ 'nan_persistent_pre_12_inl.h', 436, 420 ]
305 silly gunzTarPerm extractEntry nan_string_bytes.h
306 silly gunzTarPerm modified mode [ 'nan_string_bytes.h', 436, 420 ]
307 silly gunzTarPerm extractEntry nan_typedarray_contents.h
308 silly gunzTarPerm modified mode [ 'nan_typedarray_contents.h', 436, 420 ]
309 silly gunzTarPerm extractEntry nan_weak.h
310 silly gunzTarPerm modified mode [ 'nan_weak.h', 436, 420 ]
311 silly gunzTarPerm extractEntry CHANGELOG.md
312 silly gunzTarPerm modified mode [ 'CHANGELOG.md', 436, 420 ]
313 silly gunzTarPerm extractEntry tools/package.json
314 silly gunzTarPerm modified mode [ 'tools/package.json', 436, 420 ]
315 silly gunzTarPerm extractEntry tools/README.md
316 silly gunzTarPerm modified mode [ 'tools/README.md', 436, 420 ]
317 silly gunzTarPerm extractEntry tools/1to2.js
318 silly gunzTarPerm modified mode [ 'tools/1to2.js', 509, 493 ]
319 silly gentlyRm /Users/bvodola/Projects/crodity/node_modules/.staging/bcrypt-e218b9c4/node_modules is being purged
320 verbose gentlyRm don't care about contents; nuking /Users/bvodola/Projects/crodity/node_modules/.staging/bcrypt-e218b9c4/node_modules
321 silly gentlyRm /Users/bvodola/Projects/crodity/node_modules/.staging/nan-ea71cd74/node_modules is being purged
322 verbose gentlyRm don't care about contents; nuking /Users/bvodola/Projects/crodity/node_modules/.staging/nan-ea71cd74/node_modules
323 silly doParallel preinstall 3
324 silly preinstall bindings@1.2.1 /Users/bvodola/Projects/crodity/node_modules/.staging/bindings-683b7d57
325 info lifecycle bindings@1.2.1~preinstall: bindings@1.2.1
326 silly preinstall nan@2.3.5 /Users/bvodola/Projects/crodity/node_modules/.staging/nan-ea71cd74
327 info lifecycle nan@2.3.5~preinstall: nan@2.3.5
328 silly preinstall bcrypt@0.8.7 /Users/bvodola/Projects/crodity/node_modules/.staging/bcrypt-e218b9c4
329 info lifecycle bcrypt@0.8.7~preinstall: bcrypt@0.8.7
330 silly lifecycle bindings@1.2.1~preinstall: no script for preinstall, continuing
331 silly lifecycle nan@2.3.5~preinstall: no script for preinstall, continuing
332 silly lifecycle bcrypt@0.8.7~preinstall: no script for preinstall, continuing
333 silly doReverseSerial remove 0
334 silly doSerial move 0
335 silly doSerial finalize 3
336 silly finalize /Users/bvodola/Projects/crodity/node_modules/bindings
337 silly finalize /Users/bvodola/Projects/crodity/node_modules/nan
338 silly finalize /Users/bvodola/Projects/crodity/node_modules/bcrypt
339 silly doSerial build 3
340 silly build bindings@1.2.1
341 info linkStuff bindings@1.2.1
342 silly linkStuff bindings@1.2.1 has /Users/bvodola/Projects/crodity/node_modules as its parent node_modules
343 verbose linkBins bindings@1.2.1
344 verbose linkMans bindings@1.2.1
345 silly build nan@2.3.5
346 info linkStuff nan@2.3.5
347 silly linkStuff nan@2.3.5 has /Users/bvodola/Projects/crodity/node_modules as its parent node_modules
348 verbose linkBins nan@2.3.5
349 verbose linkMans nan@2.3.5
350 silly build bcrypt@0.8.7
351 info linkStuff bcrypt@0.8.7
352 silly linkStuff bcrypt@0.8.7 has /Users/bvodola/Projects/crodity/node_modules as its parent node_modules
353 verbose linkBins bcrypt@0.8.7
354 verbose linkMans bcrypt@0.8.7
355 silly doSerial global-link 0
356 silly doParallel update-linked 0
357 silly doSerial install 3
358 silly install bindings@1.2.1 /Users/bvodola/Projects/crodity/node_modules/.staging/bindings-683b7d57
359 info lifecycle bindings@1.2.1~install: bindings@1.2.1
360 silly lifecycle bindings@1.2.1~install: no script for install, continuing
361 silly install nan@2.3.5 /Users/bvodola/Projects/crodity/node_modules/.staging/nan-ea71cd74
362 info lifecycle nan@2.3.5~install: nan@2.3.5
363 silly lifecycle nan@2.3.5~install: no script for install, continuing
364 silly install bcrypt@0.8.7 /Users/bvodola/Projects/crodity/node_modules/.staging/bcrypt-e218b9c4
365 info lifecycle bcrypt@0.8.7~install: bcrypt@0.8.7
366 verbose lifecycle bcrypt@0.8.7~install: unsafe-perm in lifecycle true
367 verbose lifecycle bcrypt@0.8.7~install: PATH: /Users/bvodola/.meteor/packages/meteor-tool/.1.4.1_1.1h2iqk1++os.osx.x86_64+web.browser+web.cordova/mt-os.osx.x86_64/dev_bundle/lib/node_modules/npm/bin/node-gyp-bin:/Users/bvodola/Projects/crodity/node_modules/bcrypt/node_modules/.bin:/Users/bvodola/Projects/crodity/node_modules/.bin:/Users/bvodola/.meteor/packages/meteor-tool/.1.4.1_1.1h2iqk1++os.osx.x86_64+web.browser+web.cordova/mt-os.osx.x86_64/dev_bundle/bin:/Users/bvodola/.meteor/packages/meteor-tool/1.4.1_1/mt-os.osx.x86_64/dev_bundle/bin:/Users/bvodola/.meteor/packages/meteor-tool/1.4.1_1/mt-os.osx.x86_64/dev_bundle/lib/node_modules/.bin:/Users/bvodola/.rvm/gems/ruby-2.3.0/bin:/Users/bvodola/.rvm/gems/ruby-2.3.0@global/bin:/Users/bvodola/.rvm/rubies/ruby-2.3.0/bin:/usr/local/bin:/usr/bin:/bin:/usr/sbin:/sbin:/Users/bvodola/Library/Android/sdk/tools:/Users/bvodola/Library/Android/sdk/platform-tools:/Users/bvodola/.rvm/bin
368 verbose lifecycle bcrypt@0.8.7~install: CWD: /Users/bvodola/Projects/crodity/node_modules/bcrypt
369 silly lifecycle bcrypt@0.8.7~install: Args: [ '-c', 'node-gyp rebuild' ]
370 silly lifecycle bcrypt@0.8.7~install: Returned: code: 1  signal: null
371 info lifecycle bcrypt@0.8.7~install: Failed to exec install script
372 verbose unlock done using /Users/bvodola/.npm/_locks/staging-ef546ca483dc3397.lock for /Users/bvodola/Projects/crodity/node_modules/.staging
373 silly rollbackFailedOptional Starting
374 silly rollbackFailedOptional Finishing
375 silly runTopLevelLifecycles Starting
376 silly runTopLevelLifecycles Finishing
377 silly install printInstalled
378 verbose stack Error: bcrypt@0.8.7 install: `node-gyp rebuild`
378 verbose stack Exit status 1
378 verbose stack     at EventEmitter.<anonymous> (/Users/bvodola/.meteor/packages/meteor-tool/.1.4.1_1.1h2iqk1++os.osx.x86_64+web.browser+web.cordova/mt-os.osx.x86_64/dev_bundle/lib/node_modules/npm/lib/utils/lifecycle.js:255:16)
378 verbose stack     at emitTwo (events.js:87:13)
378 verbose stack     at EventEmitter.emit (events.js:172:7)
378 verbose stack     at ChildProcess.<anonymous> (/Users/bvodola/.meteor/packages/meteor-tool/.1.4.1_1.1h2iqk1++os.osx.x86_64+web.browser+web.cordova/mt-os.osx.x86_64/dev_bundle/lib/node_modules/npm/lib/utils/spawn.js:40:14)
378 verbose stack     at emitTwo (events.js:87:13)
378 verbose stack     at ChildProcess.emit (events.js:172:7)
378 verbose stack     at maybeClose (internal/child_process.js:829:16)
378 verbose stack     at Process.ChildProcess._handle.onexit (internal/child_process.js:211:5)
379 verbose pkgid bcrypt@0.8.7
380 verbose cwd /Users/bvodola/Projects/crodity
381 error Darwin 15.5.0
382 error argv "/Users/bvodola/.meteor/packages/meteor-tool/.1.4.1_1.1h2iqk1++os.osx.x86_64+web.browser+web.cordova/mt-os.osx.x86_64/dev_bundle/bin/node" "/Users/bvodola/.meteor/packages/meteor-tool/1.4.1_1/mt-os.osx.x86_64/dev_bundle/bin/npm" "install" "--save" "bcrypt"
383 error node v4.5.0
384 error npm  v3.10.6
385 error code ELIFECYCLE
386 error bcrypt@0.8.7 install: `node-gyp rebuild`
386 error Exit status 1
387 error Failed at the bcrypt@0.8.7 install script 'node-gyp rebuild'.
387 error Make sure you have the latest version of node.js and npm installed.
387 error If you do, this is most likely a problem with the bcrypt package,
387 error not with npm itself.
387 error Tell the author that this fails on your system:
387 error     node-gyp rebuild
387 error You can get information on how to open an issue for this project with:
387 error     npm bugs bcrypt
387 error Or if that isn't available, you can get their info via:
387 error     npm owner ls bcrypt
387 error There is likely additional logging output above.
388 verbose exit [ 1, true ]
